c:\users\soproud\desktop\progii_a17\d3dapp\x64\debug\d3dapp.pch
c:\users\soproud\desktop\progii_a17\d3dapp\x64\debug\d3dapp.pdb
c:\users\soproud\desktop\progii_a17\d3dapp\x64\debug\d3dapp.idb
c:\users\soproud\desktop\progii_a17\d3dapp\x64\debug\stdafx.obj
c:\users\soproud\desktop\progii_a17\d3dapp\x64\debug\d3dapp.obj
c:\users\soproud\desktop\progii_a17\d3dapp\x64\debug\input.obj
c:\users\soproud\desktop\progii_a17\d3dapp\x64\debug\timer.obj
c:\users\soproud\desktop\progii_a17\d3dapp\x64\debug\vertex.obj
c:\users\soproud\desktop\progii_a17\x64\debug\d3dapp.lib
c:\users\soproud\desktop\progii_a17\d3dapp\x64\debug\d3dapp.res
c:\users\soproud\desktop\progii_a17\x64\debug\d3dapp.pdb
c:\users\soproud\desktop\progii_a17\d3dapp\x64\debug\d3dapp.tlog\cl.command.1.tlog
c:\users\soproud\desktop\progii_a17\d3dapp\x64\debug\d3dapp.tlog\cl.read.1.tlog
c:\users\soproud\desktop\progii_a17\d3dapp\x64\debug\d3dapp.tlog\cl.write.1.tlog
c:\users\soproud\desktop\progii_a17\d3dapp\x64\debug\d3dapp.tlog\lib-link-cvtres.read.1.tlog
c:\users\soproud\desktop\progii_a17\d3dapp\x64\debug\d3dapp.tlog\lib-link-cvtres.write.1.tlog
c:\users\soproud\desktop\progii_a17\d3dapp\x64\debug\d3dapp.tlog\lib.command.1.tlog
c:\users\soproud\desktop\progii_a17\d3dapp\x64\debug\d3dapp.tlog\rc.command.1.tlog
c:\users\soproud\desktop\progii_a17\d3dapp\x64\debug\d3dapp.tlog\rc.read.1.tlog
c:\users\soproud\desktop\progii_a17\d3dapp\x64\debug\d3dapp.tlog\rc.write.1.tlog
