c:\users\soproud\desktop\progii_a17\cubeapp\x64\debug\cubeapp.pch
c:\users\soproud\desktop\progii_a17\cubeapp\x64\debug\vc141.pdb
c:\users\soproud\desktop\progii_a17\cubeapp\x64\debug\vc141.idb
c:\users\soproud\desktop\progii_a17\cubeapp\x64\debug\stdafx.obj
c:\users\soproud\desktop\progii_a17\cubeapp\x64\debug\camera.obj
c:\users\soproud\desktop\progii_a17\cubeapp\x64\debug\component.obj
c:\users\soproud\desktop\progii_a17\cubeapp\x64\debug\cubeapp.obj
c:\users\soproud\desktop\progii_a17\cubeapp\x64\debug\main.obj
c:\users\soproud\desktop\progii_a17\x64\debug\transform.cso
c:\users\soproud\desktop\progii_a17\cubeapp\x64\debug\cubeapp.res
c:\users\soproud\desktop\progii_a17\x64\debug\cubeapp.pdb
c:\users\soproud\desktop\progii_a17\cubeapp\x64\debug\cubeapp.tlog\cl.command.1.tlog
c:\users\soproud\desktop\progii_a17\cubeapp\x64\debug\cubeapp.tlog\cl.read.1.tlog
c:\users\soproud\desktop\progii_a17\cubeapp\x64\debug\cubeapp.tlog\cl.write.1.tlog
c:\users\soproud\desktop\progii_a17\cubeapp\x64\debug\cubeapp.tlog\cubeapp.write.1u.tlog
c:\users\soproud\desktop\progii_a17\cubeapp\x64\debug\cubeapp.tlog\fxc.command.1.tlog
c:\users\soproud\desktop\progii_a17\cubeapp\x64\debug\cubeapp.tlog\fxc.read.1.tlog
c:\users\soproud\desktop\progii_a17\cubeapp\x64\debug\cubeapp.tlog\fxc.write.1.tlog
c:\users\soproud\desktop\progii_a17\cubeapp\x64\debug\cubeapp.tlog\link-cvtres.read.1.tlog
c:\users\soproud\desktop\progii_a17\cubeapp\x64\debug\cubeapp.tlog\link-cvtres.write.1.tlog
c:\users\soproud\desktop\progii_a17\cubeapp\x64\debug\cubeapp.tlog\link-rc.read.1.tlog
c:\users\soproud\desktop\progii_a17\cubeapp\x64\debug\cubeapp.tlog\link-rc.write.1.tlog
c:\users\soproud\desktop\progii_a17\cubeapp\x64\debug\cubeapp.tlog\link.command.1.tlog
c:\users\soproud\desktop\progii_a17\cubeapp\x64\debug\cubeapp.tlog\link.read.1.tlog
c:\users\soproud\desktop\progii_a17\cubeapp\x64\debug\cubeapp.tlog\link.write.1.tlog
c:\users\soproud\desktop\progii_a17\cubeapp\x64\debug\cubeapp.tlog\rc.command.1.tlog
c:\users\soproud\desktop\progii_a17\cubeapp\x64\debug\cubeapp.tlog\rc.read.1.tlog
c:\users\soproud\desktop\progii_a17\cubeapp\x64\debug\cubeapp.tlog\rc.write.1.tlog
