c:\users\soproud\desktop\progii_a17\fontapp\x64\debug\fontapp.pch
c:\users\soproud\desktop\progii_a17\fontapp\x64\debug\vc141.pdb
c:\users\soproud\desktop\progii_a17\fontapp\x64\debug\vc141.idb
c:\users\soproud\desktop\progii_a17\fontapp\x64\debug\stdafx.obj
c:\users\soproud\desktop\progii_a17\fontapp\x64\debug\fontapp.res
c:\users\soproud\desktop\progii_a17\x64\debug\fontapp.pdb
c:\users\soproud\desktop\progii_a17\fontapp\x64\debug\fontapp.tlog\cl.command.1.tlog
c:\users\soproud\desktop\progii_a17\fontapp\x64\debug\fontapp.tlog\cl.read.1.tlog
c:\users\soproud\desktop\progii_a17\fontapp\x64\debug\fontapp.tlog\cl.write.1.tlog
c:\users\soproud\desktop\progii_a17\fontapp\x64\debug\fontapp.tlog\link-cvtres.read.1.tlog
c:\users\soproud\desktop\progii_a17\fontapp\x64\debug\fontapp.tlog\link-cvtres.write.1.tlog
c:\users\soproud\desktop\progii_a17\fontapp\x64\debug\fontapp.tlog\link-rc.read.1.tlog
c:\users\soproud\desktop\progii_a17\fontapp\x64\debug\fontapp.tlog\link-rc.write.1.tlog
c:\users\soproud\desktop\progii_a17\fontapp\x64\debug\fontapp.tlog\link.22832-cvtres.read.1.tlog
c:\users\soproud\desktop\progii_a17\fontapp\x64\debug\fontapp.tlog\link.22832-cvtres.write.1.tlog
c:\users\soproud\desktop\progii_a17\fontapp\x64\debug\fontapp.tlog\link.22832-rc.read.1.tlog
c:\users\soproud\desktop\progii_a17\fontapp\x64\debug\fontapp.tlog\link.22832-rc.write.1.tlog
c:\users\soproud\desktop\progii_a17\fontapp\x64\debug\fontapp.tlog\link.22832.read.1.tlog
c:\users\soproud\desktop\progii_a17\fontapp\x64\debug\fontapp.tlog\link.22832.write.1.tlog
c:\users\soproud\desktop\progii_a17\fontapp\x64\debug\fontapp.tlog\link.command.1.tlog
c:\users\soproud\desktop\progii_a17\fontapp\x64\debug\fontapp.tlog\link.read.1.tlog
c:\users\soproud\desktop\progii_a17\fontapp\x64\debug\fontapp.tlog\link.write.1.tlog
c:\users\soproud\desktop\progii_a17\fontapp\x64\debug\fontapp.tlog\rc.command.1.tlog
c:\users\soproud\desktop\progii_a17\fontapp\x64\debug\fontapp.tlog\rc.read.1.tlog
c:\users\soproud\desktop\progii_a17\fontapp\x64\debug\fontapp.tlog\rc.write.1.tlog
